ERROR - 2022-07-25 06:24:20 --> Error connecting to the database: No connection could be made because the target machine actively refused it.

CRITICAL - 2022-07-25 06:24:20 --> Unable to connect to the database.
Main connection [MySQLi]: No connection could be made because the target machine actively refused it.

#0 C:\xampp\htdocs\tiketkapal\system\Database\BaseConnection.php(577): CodeIgniter\Database\BaseConnection->initialize()
#1 C:\xampp\htdocs\tiketkapal\app\Views\landingpage.php(199): CodeIgniter\Database\BaseConnection->query('SELECT * FROM k...')
#2 C:\xampp\htdocs\tiketkapal\system\View\View.php(210): include('C:\\xampp\\htdocs...')
#3 C:\xampp\htdocs\tiketkapal\system\View\View.php(213): CodeIgniter\View\View->CodeIgniter\View\{closure}()
#4 C:\xampp\htdocs\tiketkapal\system\Common.php(1089): CodeIgniter\View\View->render('landingpage', Array, true)
#5 C:\xampp\htdocs\tiketkapal\app\Controllers\Home.php(51): view('landingpage')
#6 C:\xampp\htdocs\tiketkapal\system\CodeIgniter.php(832): App\Controllers\Home->landingpage()
#7 C:\xampp\htdocs\tiketkapal\system\CodeIgniter.php(419): CodeIgniter\CodeIgniter->runController(Object(App\Controllers\Home))
#8 C:\xampp\htdocs\tiketkapal\system\CodeIgniter.php(326): CodeIgniter\CodeIgniter->handleRequest(NULL, Object(Config\Cache), false)
#9 C:\xampp\htdocs\tiketkapal\public\index.php(37): CodeIgniter\CodeIgniter->run()
#10 C:\xampp\htdocs\tiketkapal\system\Commands\Server\rewrite.php(43): require_once('C:\\xampp\\htdocs...')
#11 {main}
CRITICAL - 2022-07-25 07:41:24 --> Invalid file: /admin/laporan/v_cetaklaporan.php
#0 C:\xampp\htdocs\tiketkapal\system\View\View.php(198): CodeIgniter\Exceptions\FrameworkException::forInvalidFile('/admin/laporan/...')
#1 C:\xampp\htdocs\tiketkapal\system\Common.php(1089): CodeIgniter\View\View->render('/admin/laporan/...', Array, true)
#2 C:\xampp\htdocs\tiketkapal\app\Controllers\Laporan.php(34): view('/admin/laporan/...', Array)
#3 C:\xampp\htdocs\tiketkapal\system\CodeIgniter.php(832): App\Controllers\Laporan->filter()
#4 C:\xampp\htdocs\tiketkapal\system\CodeIgniter.php(419): CodeIgniter\CodeIgniter->runController(Object(App\Controllers\Laporan))
#5 C:\xampp\htdocs\tiketkapal\system\CodeIgniter.php(326): CodeIgniter\CodeIgniter->handleRequest(NULL, Object(Config\Cache), false)
#6 C:\xampp\htdocs\tiketkapal\public\index.php(37): CodeIgniter\CodeIgniter->run()
#7 C:\xampp\htdocs\tiketkapal\system\Commands\Server\rewrite.php(43): require_once('C:\\xampp\\htdocs...')
#8 {main}
CRITICAL - 2022-07-25 08:06:16 --> Undefined variable: title
#0 C:\xampp\htdocs\tiketkapal\app\Views\layout\template.php(8): CodeIgniter\Debug\Exceptions->errorHandler(8, 'Undefined varia...', 'C:\\xampp\\htdocs...', 8, Array)
#1 C:\xampp\htdocs\tiketkapal\system\View\View.php(210): include('C:\\xampp\\htdocs...')
#2 C:\xampp\htdocs\tiketkapal\system\View\View.php(213): CodeIgniter\View\View->CodeIgniter\View\{closure}()
#3 C:\xampp\htdocs\tiketkapal\system\View\View.php(226): CodeIgniter\View\View->render('layout/template', Array, true)
#4 C:\xampp\htdocs\tiketkapal\system\Common.php(1089): CodeIgniter\View\View->render('/admin/laporan/...', Array, true)
#5 C:\xampp\htdocs\tiketkapal\app\Controllers\Laporan.php(34): view('/admin/laporan/...', Array)
#6 C:\xampp\htdocs\tiketkapal\system\CodeIgniter.php(832): App\Controllers\Laporan->filter()
#7 C:\xampp\htdocs\tiketkapal\system\CodeIgniter.php(419): CodeIgniter\CodeIgniter->runController(Object(App\Controllers\Laporan))
#8 C:\xampp\htdocs\tiketkapal\system\CodeIgniter.php(326): CodeIgniter\CodeIgniter->handleRequest(NULL, Object(Config\Cache), false)
#9 C:\xampp\htdocs\tiketkapal\public\index.php(37): CodeIgniter\CodeIgniter->run()
#10 C:\xampp\htdocs\tiketkapal\system\Commands\Server\rewrite.php(43): require_once('C:\\xampp\\htdocs...')
#11 {main}
