ERROR - 2022-07-08 00:30:42 --> Error connecting to the database: Access denied for user ''@'localhost' (using password: NO)
CRITICAL - 2022-07-08 00:30:42 --> Unable to connect to the database.
Main connection [MySQLi]: Access denied for user ''@'localhost' (using password: NO)
#0 C:\xampp\htdocs\tiketkapal\system\Database\BaseConnection.php(577): CodeIgniter\Database\BaseConnection->initialize()
#1 C:\xampp\htdocs\tiketkapal\system\Database\BaseBuilder.php(1455): CodeIgniter\Database\BaseConnection->query('SELECT *\nFROM `...', Array, false)
#2 C:\xampp\htdocs\tiketkapal\app\Models\M_pengguna.php(13): CodeIgniter\Database\BaseBuilder->get()
#3 C:\xampp\htdocs\tiketkapal\app\Controllers\Pengguna.php(18): App\Models\M_pengguna->ambilData()
#4 C:\xampp\htdocs\tiketkapal\system\CodeIgniter.php(832): App\Controllers\Pengguna->index()
#5 C:\xampp\htdocs\tiketkapal\system\CodeIgniter.php(419): CodeIgniter\CodeIgniter->runController(Object(App\Controllers\Pengguna))
#6 C:\xampp\htdocs\tiketkapal\system\CodeIgniter.php(326): CodeIgniter\CodeIgniter->handleRequest(NULL, Object(Config\Cache), false)
#7 C:\xampp\htdocs\tiketkapal\public\index.php(37): CodeIgniter\CodeIgniter->run()
#8 C:\xampp\htdocs\tiketkapal\system\Commands\Server\rewrite.php(43): require_once('C:\\xampp\\htdocs...')
#9 {main}
ERROR - 2022-07-08 00:30:45 --> Error connecting to the database: Access denied for user ''@'localhost' (using password: NO)
CRITICAL - 2022-07-08 00:30:45 --> Unable to connect to the database.
Main connection [MySQLi]: Access denied for user ''@'localhost' (using password: NO)
#0 C:\xampp\htdocs\tiketkapal\system\Database\BaseConnection.php(577): CodeIgniter\Database\BaseConnection->initialize()
#1 C:\xampp\htdocs\tiketkapal\system\Database\BaseBuilder.php(1455): CodeIgniter\Database\BaseConnection->query('SELECT *\nFROM `...', Array, false)
#2 C:\xampp\htdocs\tiketkapal\app\Models\M_pengguna.php(13): CodeIgniter\Database\BaseBuilder->get()
#3 C:\xampp\htdocs\tiketkapal\app\Controllers\Pengguna.php(18): App\Models\M_pengguna->ambilData()
#4 C:\xampp\htdocs\tiketkapal\system\CodeIgniter.php(832): App\Controllers\Pengguna->index()
#5 C:\xampp\htdocs\tiketkapal\system\CodeIgniter.php(419): CodeIgniter\CodeIgniter->runController(Object(App\Controllers\Pengguna))
#6 C:\xampp\htdocs\tiketkapal\system\CodeIgniter.php(326): CodeIgniter\CodeIgniter->handleRequest(NULL, Object(Config\Cache), false)
#7 C:\xampp\htdocs\tiketkapal\public\index.php(37): CodeIgniter\CodeIgniter->run()
#8 C:\xampp\htdocs\tiketkapal\system\Commands\Server\rewrite.php(43): require_once('C:\\xampp\\htdocs...')
#9 {main}
ERROR - 2022-07-08 00:31:16 --> Error connecting to the database: Access denied for user ''@'localhost' (using password: NO)
CRITICAL - 2022-07-08 00:31:16 --> Unable to connect to the database.
Main connection [MySQLi]: Access denied for user ''@'localhost' (using password: NO)
#0 C:\xampp\htdocs\tiketkapal\system\Database\BaseConnection.php(577): CodeIgniter\Database\BaseConnection->initialize()
#1 C:\xampp\htdocs\tiketkapal\system\Database\BaseBuilder.php(1455): CodeIgniter\Database\BaseConnection->query('SELECT *\nFROM `...', Array, false)
#2 C:\xampp\htdocs\tiketkapal\app\Models\M_pengguna.php(13): CodeIgniter\Database\BaseBuilder->get()
#3 C:\xampp\htdocs\tiketkapal\app\Controllers\Pengguna.php(18): App\Models\M_pengguna->ambilData()
#4 C:\xampp\htdocs\tiketkapal\system\CodeIgniter.php(832): App\Controllers\Pengguna->index()
#5 C:\xampp\htdocs\tiketkapal\system\CodeIgniter.php(419): CodeIgniter\CodeIgniter->runController(Object(App\Controllers\Pengguna))
#6 C:\xampp\htdocs\tiketkapal\system\CodeIgniter.php(326): CodeIgniter\CodeIgniter->handleRequest(NULL, Object(Config\Cache), false)
#7 C:\xampp\htdocs\tiketkapal\public\index.php(37): CodeIgniter\CodeIgniter->run()
#8 C:\xampp\htdocs\tiketkapal\system\Commands\Server\rewrite.php(43): require_once('C:\\xampp\\htdocs...')
#9 {main}
ERROR - 2022-07-08 00:31:17 --> Error connecting to the database: Access denied for user ''@'localhost' (using password: NO)
CRITICAL - 2022-07-08 00:31:17 --> Unable to connect to the database.
Main connection [MySQLi]: Access denied for user ''@'localhost' (using password: NO)
#0 C:\xampp\htdocs\tiketkapal\system\Database\BaseConnection.php(577): CodeIgniter\Database\BaseConnection->initialize()
#1 C:\xampp\htdocs\tiketkapal\system\Database\BaseBuilder.php(1455): CodeIgniter\Database\BaseConnection->query('SELECT *\nFROM `...', Array, false)
#2 C:\xampp\htdocs\tiketkapal\app\Models\M_pengguna.php(13): CodeIgniter\Database\BaseBuilder->get()
#3 C:\xampp\htdocs\tiketkapal\app\Controllers\Pengguna.php(18): App\Models\M_pengguna->ambilData()
#4 C:\xampp\htdocs\tiketkapal\system\CodeIgniter.php(832): App\Controllers\Pengguna->index()
#5 C:\xampp\htdocs\tiketkapal\system\CodeIgniter.php(419): CodeIgniter\CodeIgniter->runController(Object(App\Controllers\Pengguna))
#6 C:\xampp\htdocs\tiketkapal\system\CodeIgniter.php(326): CodeIgniter\CodeIgniter->handleRequest(NULL, Object(Config\Cache), false)
#7 C:\xampp\htdocs\tiketkapal\public\index.php(37): CodeIgniter\CodeIgniter->run()
#8 C:\xampp\htdocs\tiketkapal\system\Commands\Server\rewrite.php(43): require_once('C:\\xampp\\htdocs...')
#9 {main}
ERROR - 2022-07-08 00:31:31 --> Error connecting to the database: Access denied for user ''@'localhost' (using password: NO)
CRITICAL - 2022-07-08 00:31:31 --> Unable to connect to the database.
Main connection [MySQLi]: Access denied for user ''@'localhost' (using password: NO)
#0 C:\xampp\htdocs\tiketkapal\system\Database\BaseConnection.php(577): CodeIgniter\Database\BaseConnection->initialize()
#1 C:\xampp\htdocs\tiketkapal\system\Database\BaseBuilder.php(1455): CodeIgniter\Database\BaseConnection->query('SELECT *\nFROM `...', Array, false)
#2 C:\xampp\htdocs\tiketkapal\app\Models\M_pengguna.php(13): CodeIgniter\Database\BaseBuilder->get()
#3 C:\xampp\htdocs\tiketkapal\app\Controllers\Pengguna.php(18): App\Models\M_pengguna->ambilData()
#4 C:\xampp\htdocs\tiketkapal\system\CodeIgniter.php(832): App\Controllers\Pengguna->index()
#5 C:\xampp\htdocs\tiketkapal\system\CodeIgniter.php(419): CodeIgniter\CodeIgniter->runController(Object(App\Controllers\Pengguna))
#6 C:\xampp\htdocs\tiketkapal\system\CodeIgniter.php(326): CodeIgniter\CodeIgniter->handleRequest(NULL, Object(Config\Cache), false)
#7 C:\xampp\htdocs\tiketkapal\public\index.php(37): CodeIgniter\CodeIgniter->run()
#8 C:\xampp\htdocs\tiketkapal\system\Commands\Server\rewrite.php(43): require_once('C:\\xampp\\htdocs...')
#9 {main}
ERROR - 2022-07-08 00:31:48 --> Error connecting to the database: Access denied for user ''@'localhost' (using password: NO)
CRITICAL - 2022-07-08 00:31:48 --> Unable to connect to the database.
Main connection [MySQLi]: Access denied for user ''@'localhost' (using password: NO)
#0 C:\xampp\htdocs\tiketkapal\system\Database\BaseConnection.php(577): CodeIgniter\Database\BaseConnection->initialize()
#1 C:\xampp\htdocs\tiketkapal\system\Database\BaseBuilder.php(1455): CodeIgniter\Database\BaseConnection->query('SELECT *\nFROM `...', Array, false)
#2 C:\xampp\htdocs\tiketkapal\app\Models\M_pengguna.php(13): CodeIgniter\Database\BaseBuilder->get()
#3 C:\xampp\htdocs\tiketkapal\app\Controllers\Pengguna.php(18): App\Models\M_pengguna->ambilData()
#4 C:\xampp\htdocs\tiketkapal\system\CodeIgniter.php(832): App\Controllers\Pengguna->index()
#5 C:\xampp\htdocs\tiketkapal\system\CodeIgniter.php(419): CodeIgniter\CodeIgniter->runController(Object(App\Controllers\Pengguna))
#6 C:\xampp\htdocs\tiketkapal\system\CodeIgniter.php(326): CodeIgniter\CodeIgniter->handleRequest(NULL, Object(Config\Cache), false)
#7 C:\xampp\htdocs\tiketkapal\public\index.php(37): CodeIgniter\CodeIgniter->run()
#8 C:\xampp\htdocs\tiketkapal\system\Commands\Server\rewrite.php(43): require_once('C:\\xampp\\htdocs...')
#9 {main}
ERROR - 2022-07-08 00:31:49 --> Error connecting to the database: Access denied for user ''@'localhost' (using password: NO)
CRITICAL - 2022-07-08 00:31:49 --> Unable to connect to the database.
Main connection [MySQLi]: Access denied for user ''@'localhost' (using password: NO)
#0 C:\xampp\htdocs\tiketkapal\system\Database\BaseConnection.php(577): CodeIgniter\Database\BaseConnection->initialize()
#1 C:\xampp\htdocs\tiketkapal\system\Database\BaseBuilder.php(1455): CodeIgniter\Database\BaseConnection->query('SELECT *\nFROM `...', Array, false)
#2 C:\xampp\htdocs\tiketkapal\app\Models\M_pengguna.php(13): CodeIgniter\Database\BaseBuilder->get()
#3 C:\xampp\htdocs\tiketkapal\app\Controllers\Pengguna.php(18): App\Models\M_pengguna->ambilData()
#4 C:\xampp\htdocs\tiketkapal\system\CodeIgniter.php(832): App\Controllers\Pengguna->index()
#5 C:\xampp\htdocs\tiketkapal\system\CodeIgniter.php(419): CodeIgniter\CodeIgniter->runController(Object(App\Controllers\Pengguna))
#6 C:\xampp\htdocs\tiketkapal\system\CodeIgniter.php(326): CodeIgniter\CodeIgniter->handleRequest(NULL, Object(Config\Cache), false)
#7 C:\xampp\htdocs\tiketkapal\public\index.php(37): CodeIgniter\CodeIgniter->run()
#8 C:\xampp\htdocs\tiketkapal\system\Commands\Server\rewrite.php(43): require_once('C:\\xampp\\htdocs...')
#9 {main}
ERROR - 2022-07-08 00:32:10 --> Error connecting to the database: Access denied for user ''@'localhost' (using password: NO)
CRITICAL - 2022-07-08 00:32:10 --> Unable to connect to the database.
Main connection [MySQLi]: Access denied for user ''@'localhost' (using password: NO)
#0 C:\xampp\htdocs\tiketkapal\system\Database\BaseConnection.php(577): CodeIgniter\Database\BaseConnection->initialize()
#1 C:\xampp\htdocs\tiketkapal\system\Database\BaseBuilder.php(1455): CodeIgniter\Database\BaseConnection->query('SELECT *\nFROM `...', Array, false)
#2 C:\xampp\htdocs\tiketkapal\app\Models\M_pengguna.php(13): CodeIgniter\Database\BaseBuilder->get()
#3 C:\xampp\htdocs\tiketkapal\app\Controllers\Pengguna.php(18): App\Models\M_pengguna->ambilData()
#4 C:\xampp\htdocs\tiketkapal\system\CodeIgniter.php(832): App\Controllers\Pengguna->index()
#5 C:\xampp\htdocs\tiketkapal\system\CodeIgniter.php(419): CodeIgniter\CodeIgniter->runController(Object(App\Controllers\Pengguna))
#6 C:\xampp\htdocs\tiketkapal\system\CodeIgniter.php(326): CodeIgniter\CodeIgniter->handleRequest(NULL, Object(Config\Cache), false)
#7 C:\xampp\htdocs\tiketkapal\public\index.php(37): CodeIgniter\CodeIgniter->run()
#8 C:\xampp\htdocs\tiketkapal\system\Commands\Server\rewrite.php(43): require_once('C:\\xampp\\htdocs...')
#9 {main}
