ERROR - 2022-07-18 03:18:33 --> Error connecting to the database: No connection could be made because the target machine actively refused it.

CRITICAL - 2022-07-18 03:18:33 --> Unable to connect to the database.
Main connection [MySQLi]: No connection could be made because the target machine actively refused it.

#0 C:\xampp\htdocs\tiketkapal\system\Database\BaseConnection.php(577): CodeIgniter\Database\BaseConnection->initialize()
#1 C:\xampp\htdocs\tiketkapal\system\Database\BaseBuilder.php(1455): CodeIgniter\Database\BaseConnection->query('SELECT *\nFROM `...', Array, false)
#2 C:\xampp\htdocs\tiketkapal\app\Models\M_pengguna.php(14): CodeIgniter\Database\BaseBuilder->get()
#3 C:\xampp\htdocs\tiketkapal\app\Controllers\Pengguna.php(19): App\Models\M_pengguna->ambilData()
#4 C:\xampp\htdocs\tiketkapal\system\CodeIgniter.php(832): App\Controllers\Pengguna->index()
#5 C:\xampp\htdocs\tiketkapal\system\CodeIgniter.php(419): CodeIgniter\CodeIgniter->runController(Object(App\Controllers\Pengguna))
#6 C:\xampp\htdocs\tiketkapal\system\CodeIgniter.php(326): CodeIgniter\CodeIgniter->handleRequest(NULL, Object(Config\Cache), false)
#7 C:\xampp\htdocs\tiketkapal\public\index.php(37): CodeIgniter\CodeIgniter->run()
#8 C:\xampp\htdocs\tiketkapal\system\Commands\Server\rewrite.php(43): require_once('C:\\xampp\\htdocs...')
#9 {main}
ERROR - 2022-07-18 07:43:32 --> Table 'tiketkapal.pengguna' doesn't exist
CRITICAL - 2022-07-18 07:43:32 --> Table 'tiketkapal.pengguna' doesn't exist
#0 C:\xampp\htdocs\tiketkapal\system\Database\MySQLi\Connection.php(292): mysqli->query('SELECT *\nFROM `...', 0)
#1 C:\xampp\htdocs\tiketkapal\system\Database\BaseConnection.php(670): CodeIgniter\Database\MySQLi\Connection->execute('SELECT *\nFROM `...')
#2 C:\xampp\htdocs\tiketkapal\system\Database\BaseConnection.php(598): CodeIgniter\Database\BaseConnection->simpleQuery('SELECT *\nFROM `...')
#3 C:\xampp\htdocs\tiketkapal\system\Database\BaseBuilder.php(1455): CodeIgniter\Database\BaseConnection->query('SELECT *\nFROM `...', Array, false)
#4 C:\xampp\htdocs\tiketkapal\app\Models\M_pengguna.php(14): CodeIgniter\Database\BaseBuilder->get()
#5 C:\xampp\htdocs\tiketkapal\app\Controllers\Pengguna.php(19): App\Models\M_pengguna->ambilData()
#6 C:\xampp\htdocs\tiketkapal\system\CodeIgniter.php(832): App\Controllers\Pengguna->index()
#7 C:\xampp\htdocs\tiketkapal\system\CodeIgniter.php(419): CodeIgniter\CodeIgniter->runController(Object(App\Controllers\Pengguna))
#8 C:\xampp\htdocs\tiketkapal\system\CodeIgniter.php(326): CodeIgniter\CodeIgniter->handleRequest(NULL, Object(Config\Cache), false)
#9 C:\xampp\htdocs\tiketkapal\public\index.php(37): CodeIgniter\CodeIgniter->run()
#10 C:\xampp\htdocs\tiketkapal\system\Commands\Server\rewrite.php(43): require_once('C:\\xampp\\htdocs...')
#11 {main}
ERROR - 2022-07-18 07:45:52 --> Unknown column 'nm_pengguna' in 'field list'
CRITICAL - 2022-07-18 07:45:52 --> Unknown column 'nm_pengguna' in 'field list'
#0 C:\xampp\htdocs\tiketkapal\system\Database\MySQLi\Connection.php(292): mysqli->query('INSERT INTO `pe...', 0)
#1 C:\xampp\htdocs\tiketkapal\system\Database\BaseConnection.php(670): CodeIgniter\Database\MySQLi\Connection->execute('INSERT INTO `pe...')
#2 C:\xampp\htdocs\tiketkapal\system\Database\BaseConnection.php(598): CodeIgniter\Database\BaseConnection->simpleQuery('INSERT INTO `pe...')
#3 C:\xampp\htdocs\tiketkapal\system\Database\BaseBuilder.php(1771): CodeIgniter\Database\BaseConnection->query('INSERT INTO `pe...', Array, false)
#4 C:\xampp\htdocs\tiketkapal\app\Models\M_pengguna.php(22): CodeIgniter\Database\BaseBuilder->insert(Array)
#5 C:\xampp\htdocs\tiketkapal\app\Controllers\Pengguna.php(38): App\Models\M_pengguna->simpan(Array)
#6 C:\xampp\htdocs\tiketkapal\system\CodeIgniter.php(832): App\Controllers\Pengguna->tpenggunaAksi()
#7 C:\xampp\htdocs\tiketkapal\system\CodeIgniter.php(419): CodeIgniter\CodeIgniter->runController(Object(App\Controllers\Pengguna))
#8 C:\xampp\htdocs\tiketkapal\system\CodeIgniter.php(326): CodeIgniter\CodeIgniter->handleRequest(NULL, Object(Config\Cache), false)
#9 C:\xampp\htdocs\tiketkapal\public\index.php(37): CodeIgniter\CodeIgniter->run()
#10 C:\xampp\htdocs\tiketkapal\system\Commands\Server\rewrite.php(43): require_once('C:\\xampp\\htdocs...')
#11 {main}
